<?xml version="1.0" encoding="utf-8"?><testsuites name="pytest tests"><testsuite name="pytest" errors="0" failures="0" skipped="0" tests="13" time="6.657" timestamp="2026-07-20T16:06:41.325483+00:00" hostname="agent-env-27ef6e5d-05b0-4cb5-80a6-bce2fe71f97e"><testcase classname="backend.tests.test_health_and_motor_hardening.TestHealth" name="test_api_health_returns_ok_fast" time="0.355" /><testcase classname="backend.tests.test_health_and_motor_hardening.TestHealth" name="test_api_health_20x_fast" time="2.646" /><testcase classname="backend.tests.test_health_and_motor_hardening.TestHealth" name="test_health_no_prefix_via_localhost" time="0.002" /><testcase classname="backend.tests.test_health_and_motor_hardening.TestHealth" name="test_health_no_prefix_20x_via_localhost" time="0.019" /><testcase classname="backend.tests.test_health_and_motor_hardening.TestAuth" name="test_login_success" time="0.355" /><testcase classname="backend.tests.test_health_and_motor_hardening.TestAuth" name="test_auth_me_returns_admin" time="0.105" /><testcase classname="backend.tests.test_health_and_motor_hardening.TestAuth" name="test_login_wrong_password_401" time="0.335" /><testcase classname="backend.tests.test_health_and_motor_hardening.TestAuth" name="test_login_fast_p95_under_2s" time="1.757" /><testcase classname="backend.tests.test_health_and_motor_hardening.TestSaasRadar" name="test_worker_status" time="0.108" /><testcase classname="backend.tests.test_health_and_motor_hardening.TestSaasRadar" name="test_cleanup_stuck_before" time="0.122" /><testcase classname="backend.tests.test_health_and_motor_hardening.TestSaasRadar" name="test_enrich_then_503_guard" time="0.353" /><testcase classname="backend.tests.test_health_and_motor_hardening.TestSaasRadar" name="test_products_list" time="0.108" /><testcase classname="backend.tests.test_health_and_motor_hardening.TestSaasRadar" name="test_outreach_status_patch" time="0.299" /></testsuite></testsuites>