<?xml version="1.0" encoding="utf-8"?><testsuites name="pytest tests"><testsuite name="pytest" errors="0" failures="0" skipped="0" tests="5" time="2.634" timestamp="2026-06-30T13:49:54.329253+00:00" hostname="agent-env-27ef6e5d-05b0-4cb5-80a6-bce2fe71f97e"><testcase classname="tests.test_super_search_routing" name="test_search_saas_niche_super_search" time="1.392" /><testcase classname="tests.test_super_search_routing" name="test_search_tech_gadgets_super_search" time="0.739" /><testcase classname="tests.test_super_search_routing" name="test_saas_radar_enrich_503_guard" time="0.217" /><testcase classname="tests.test_super_search_routing" name="test_saas_radar_worker_status" time="0.128" /><testcase classname="tests.test_super_search_routing" name="test_cancel_stuck_enrich" time="0.110" /></testsuite></testsuites>