<?xml version="1.0" encoding="utf-8"?><testsuites name="pytest tests"><testsuite name="pytest" errors="0" failures="0" skipped="1" tests="15" time="5.264" timestamp="2026-07-22T07:38:02.984779+00:00" hostname="agent-env-27ef6e5d-05b0-4cb5-80a6-bce2fe71f97e"><testcase classname="backend.tests.test_quota_status.TestQuotaStatusEndpoint" name="test_admin_shape" time="0.456" /><testcase classname="backend.tests.test_quota_status.TestQuotaStatusEndpoint" name="test_non_admin_forbidden" time="0.414" /><testcase classname="backend.tests.test_quota_status.TestQuotaStatusEndpoint" name="test_unauthenticated_forbidden" time="0.094" /><testcase classname="backend.tests.test_quota_status.TestQuotaStatusEndpoint" name="test_days_clamp_high" time="0.104" /><testcase classname="backend.tests.test_quota_status.TestQuotaStatusEndpoint" name="test_days_clamp_low" time="0.100" /><testcase classname="backend.tests.test_quota_status.TestQuotaTracking" name="test_admin_triggered_call_increments_admin" time="3.809" /><testcase classname="backend.tests.test_quota_status.TestStaticInvariants" name="test_contextvar_defined" time="0.001" /><testcase classname="backend.tests.test_quota_status.TestStaticInvariants" name="test_quota_units_dict" time="0.000" /><testcase classname="backend.tests.test_quota_status.TestStaticInvariants" name="test_daily_limit" time="0.000" /><testcase classname="backend.tests.test_quota_status.TestStaticInvariants" name="test_get_youtube_service_sets_ctx" time="0.000" /><testcase classname="backend.tests.test_quota_status.TestStaticInvariants" name="test_yt_execute_creates_task" time="0.000" /><testcase classname="backend.tests.test_quota_status.TestStaticInvariants" name="test_all_callsites_pass_user" time="0.001" /><testcase classname="backend.tests.test_quota_status.TestStaticInvariants" name="test_cache_sponsorship_signature" time="0.000" /><testcase classname="backend.tests.test_quota_status.TestRegression" name="test_health_root" time="0.110"><skipped type="pytest.skip" message="/health served by frontend proxy; /api/health covered separately">/app/backend/tests/test_quota_status.py:237: /health served by frontend proxy; /api/health covered separately</skipped></testcase><testcase classname="backend.tests.test_quota_status.TestRegression" name="test_health_api" time="0.123" /></testsuite></testsuites>