<?xml version="1.0" encoding="utf-8"?><testsuites name="pytest tests"><testsuite name="pytest" errors="0" failures="0" skipped="1" tests="8" time="2.459" timestamp="2026-07-22T07:18:02.190943+00:00" hostname="agent-env-27ef6e5d-05b0-4cb5-80a6-bce2fe71f97e"><testcase classname="backend.tests.test_youtube_key_routing" name="test_health_root" time="0.390" /><testcase classname="backend.tests.test_youtube_key_routing" name="test_health_api" time="0.129" /><testcase classname="backend.tests.test_youtube_key_routing" name="test_admin_login_speed" time="0.383" /><testcase classname="backend.tests.test_youtube_key_routing" name="test_auth_me" time="0.515" /><testcase classname="backend.tests.test_youtube_key_routing" name="test_admin_patch_outreach_status_triggers_precache" time="0.093"><skipped type="pytest.skip" message="could not list channels: 404">/app/backend/tests/test_youtube_key_routing.py:65: could not list channels: 404</skipped></testcase><testcase classname="backend.tests.test_youtube_key_routing" name="test_non_admin_path_still_works" time="0.465" /><testcase classname="backend.tests.test_youtube_key_routing" name="test_saas_radar_worker_status" time="0.097" /><testcase classname="backend.tests.test_youtube_key_routing" name="test_saas_radar_enrich_and_503_guard" time="0.303" /></testsuite></testsuites>