<?xml version="1.0" encoding="utf-8"?><testsuites name="pytest tests"><testsuite name="pytest" errors="0" failures="0" skipped="0" tests="12" time="15.868" timestamp="2026-06-26T13:22:57.103045+00:00" hostname="agent-env-27ef6e5d-05b0-4cb5-80a6-bce2fe71f97e"><testcase classname="tests.test_worker_status_diagnostic.TestIdleShape" name="test_auth_required" time="0.216" /><testcase classname="tests.test_worker_status_diagnostic.TestIdleShape" name="test_idle_shape" time="1.049" /><testcase classname="tests.test_worker_status_diagnostic.TestJobTelemetry" name="test_label_and_counters_after_job" time="2.061" /><testcase classname="tests.test_worker_status_diagnostic.TestSingletonSurvives" name="test_five_cycles_one_ready_line" time="4.999" /><testcase classname="tests.test_worker_status_diagnostic.TestMongoLists" name="test_running_then_cancelled" time="1.748" /><testcase classname="tests.test_worker_status_diagnostic.TestTierCRegression" name="test_parallel_gets_under_enrich_load" time="2.087" /><testcase classname="tests.test_worker_status_diagnostic.TestRegression503AndVerdict" name="test_503_on_double_enrich" time="0.967" /><testcase classname="tests.test_worker_status_diagnostic.TestRegression503AndVerdict" name="test_products_filter" time="0.112" /><testcase classname="tests.test_worker_status_diagnostic.TestRegression503AndVerdict" name="test_verdict_patches" time="0.416" /><testcase classname="tests.test_worker_status_diagnostic.TestLoginLatency" name="test_login_fast_idle" time="0.654" /><testcase classname="tests.test_worker_status_diagnostic.TestLoginLatency" name="test_login_during_active_enrich" time="1.151" /><testcase classname="tests.test_worker_status_diagnostic.TestLoginLatency" name="test_login_wrong_pw_401" time="0.329" /></testsuite></testsuites>