<?xml version="1.0" encoding="utf-8"?><testsuites name="pytest tests"><testsuite name="pytest" errors="0" failures="0" skipped="0" tests="28" time="5.324" timestamp="2026-08-10T14:18:06.721702+00:00" hostname="agent-env-27ef6e5d-05b0-4cb5-80a6-bce2fe71f97e"><testcase classname="tests.test_client_access.TestRoleIsolation" name="test_client_login_returns_role_client" time="0.563" /><testcase classname="tests.test_client_access.TestRoleIsolation" name="test_client_cannot_hit_admin_assignments" time="0.335" /><testcase classname="tests.test_client_access.TestRoleIsolation" name="test_client_cannot_hit_channels_endpoint" time="0.062" /><testcase classname="tests.test_client_access.TestRoleIsolation" name="test_admin_cannot_hit_client_endpoint" time="0.330" /><testcase classname="tests.test_client_access.TestRoleIsolation" name="test_unauth_admin_assignments" time="0.046" /><testcase classname="tests.test_client_access.TestAdminAssignmentCrud" name="test_list_assignments_ok" time="0.056" /><testcase classname="tests.test_client_access.TestAdminAssignmentCrud" name="test_create_client_user" time="0.289" /><testcase classname="tests.test_client_access.TestAdminAssignmentCrud" name="test_assign_nonexistent_project_fails" time="0.050" /><testcase classname="tests.test_client_access.TestAdminAssignmentCrud" name="test_assign_to_non_client_fails" time="0.052" /><testcase classname="tests.test_client_access.TestAdminAssignmentCrud" name="test_assign_valid_project" time="0.099" /><testcase classname="tests.test_client_access.TestAdminAssignmentCrud" name="test_assign_duplicate_fails" time="0.047" /><testcase classname="tests.test_client_access.TestAdminAssignmentCrud" name="test_toggle_export_off" time="0.054" /><testcase classname="tests.test_client_access.TestAdminAssignmentCrud" name="test_set_expiry_in_past" time="0.048" /><testcase classname="tests.test_client_access.TestAdminAssignmentCrud" name="test_expired_assignment_returns_410_for_client" time="0.324" /><testcase classname="tests.test_client_access.TestAdminAssignmentCrud" name="test_clear_expiry" time="0.051" /><testcase classname="tests.test_client_access.TestAdminAssignmentCrud" name="test_delete_assignment" time="0.113" /><testcase classname="tests.test_client_access.TestAdminAssignmentCrud" name="test_other_admin_cannot_touch_assignment" time="0.634" /><testcase classname="tests.test_client_access.TestLoudGuards" name="test_rename_channel_out_of_assigned_project_400" time="0.969" /><testcase classname="tests.test_client_access.TestLoudGuards" name="test_clear_channel_project_400" time="0.131" /><testcase classname="tests.test_client_access.TestLoudGuards" name="test_remove_channel_from_pipeline_400" time="0.146" /><testcase classname="tests.test_client_access.TestLoudGuards" name="test_bulk_rename_out_of_assigned_project_400" time="0.138" /><testcase classname="tests.test_client_access.TestLoudGuards" name="test_bulk_clear_project_400" time="0.143" /><testcase classname="tests.test_client_access.TestLoudGuards" name="test_rename_to_same_name_ok" time="0.137" /><testcase classname="tests.test_client_access.TestClientRead" name="test_client_list_assignments" time="0.053" /><testcase classname="tests.test_client_access.TestClientRead" name="test_client_get_assignment_channels" time="0.051" /><testcase classname="tests.test_client_access.TestClientRead" name="test_client_cannot_access_other_assignment" time="0.059" /><testcase classname="tests.test_client_access.TestClientRead" name="test_client_csv_export_when_enabled" time="0.058" /><testcase classname="tests.test_client_access.TestClientRead" name="test_client_csv_export_403_when_disabled" time="0.160" /></testsuite></testsuites>