<?xml version="1.0" encoding="utf-8"?><testsuites name="pytest tests"><testsuite name="pytest" errors="0" failures="0" skipped="0" tests="5" time="2.823" timestamp="2026-09-08T15:51:06.441144+00:00" hostname="agent-env-27ef6e5d-05b0-4cb5-80a6-bce2fe71f97e"><testcase classname="backend.tests.test_metric_attribution.TestCsvAttributionNote" name="test_user_export_csv_has_note_before_header" time="0.908" /><testcase classname="backend.tests.test_metric_attribution.TestCsvAttributionNote" name="test_pipeline_export_csv_has_note_before_header" time="0.178" /><testcase classname="backend.tests.test_metric_attribution.TestCsvAttributionNote" name="test_client_export_csv_has_note_before_header" time="0.815" /><testcase classname="backend.tests.test_metric_attribution.TestAuthBasic" name="test_admin_login" time="0.426" /><testcase classname="backend.tests.test_metric_attribution.TestAuthBasic" name="test_client_login" time="0.436" /></testsuite></testsuites>