<?xml version="1.0" encoding="utf-8"?><testsuites name="pytest tests"><testsuite name="pytest" errors="0" failures="0" skipped="0" tests="9" time="3.023" timestamp="2026-03-12T13:54:07.936491+00:00" hostname="agent-env-790b1063-420f-4f63-a9d6-835c6546c433"><testcase classname="backend.tests.test_auth.TestAuthEndpoints" name="test_register_new_user" time="0.419" /><testcase classname="backend.tests.test_auth.TestAuthEndpoints" name="test_register_duplicate_email" time="0.534" /><testcase classname="backend.tests.test_auth.TestAuthEndpoints" name="test_login_admin_user" time="0.549" /><testcase classname="backend.tests.test_auth.TestAuthEndpoints" name="test_login_invalid_credentials" time="0.340" /><testcase classname="backend.tests.test_auth.TestAuthEndpoints" name="test_login_nonexistent_user" time="0.160" /><testcase classname="backend.tests.test_auth.TestAuthEndpoints" name="test_get_me_with_valid_token" time="0.595" /><testcase classname="backend.tests.test_auth.TestAuthEndpoints" name="test_get_me_without_token" time="0.101" /><testcase classname="backend.tests.test_auth.TestAuthEndpoints" name="test_get_me_with_invalid_token" time="0.116" /><testcase classname="backend.tests.test_auth.TestAPIRoot" name="test_root_endpoint" time="0.107" /></testsuite></testsuites>