<?xml version="1.0" encoding="utf-8"?><testsuites name="pytest tests"><testsuite name="pytest" errors="0" failures="0" skipped="0" tests="11" time="4.748" timestamp="2026-04-02T15:46:35.713677+00:00" hostname="agent-env-ca6bede4-502c-40a9-9e85-d5a3243e7e0d"><testcase classname="backend.tests.test_health_indicators.TestHealthIndicatorsBackend" name="test_api_health" time="0.417" /><testcase classname="backend.tests.test_health_indicators.TestHealthIndicatorsBackend" name="test_channel_data_model_has_health_fields" time="0.427" /><testcase classname="backend.tests.test_health_indicators.TestHealthIndicatorsBackend" name="test_cached_channels_backfill_health_indicators" time="0.392" /><testcase classname="backend.tests.test_health_indicators.TestHealthIndicatorsBackend" name="test_csv_export_includes_health_columns" time="0.457" /><testcase classname="backend.tests.test_health_indicators.TestHealthIndicatorsBackend" name="test_csv_export_health_data_values" time="0.445" /><testcase classname="backend.tests.test_health_indicators.TestHealthIndicatorsBackend" name="test_health_calculation_functions_exist" time="0.464" /><testcase classname="backend.tests.test_health_indicators.TestHealthIndicatorsBackend" name="test_engagement_health_values" time="0.437" /><testcase classname="backend.tests.test_health_indicators.TestHealthIndicatorsBackend" name="test_growth_indicator_values" time="0.458" /><testcase classname="backend.tests.test_health_indicators.TestHealthIndicatorsBackend" name="test_engagement_rate_is_numeric" time="0.399" /><testcase classname="backend.tests.test_health_indicators.TestHealthIndicatorsBackend" name="test_upload_avg_days_is_numeric" time="0.424" /><testcase classname="backend.tests.test_health_indicators.TestHealthIndicatorsEnrichment" name="test_enrichment_endpoint_exists" time="0.377" /></testsuite></testsuites>