<?xml version="1.0" encoding="utf-8"?><testsuites name="pytest tests"><testsuite name="pytest" errors="0" failures="0" skipped="0" tests="12" time="1.701" timestamp="2026-04-02T14:19:48.498928+00:00" hostname="agent-env-ca6bede4-502c-40a9-9e85-d5a3243e7e0d"><testcase classname="backend.tests.test_ux_fixes.TestAutoSaveEndpoints" name="test_autosave_post_creates_record" time="0.477" /><testcase classname="backend.tests.test_ux_fixes.TestAutoSaveEndpoints" name="test_autosave_get_returns_saved_results" time="0.055" /><testcase classname="backend.tests.test_ux_fixes.TestAutoSaveEndpoints" name="test_autosave_delete_removes_record" time="0.111" /><testcase classname="backend.tests.test_ux_fixes.TestPipelineProjectsEndpoints" name="test_pipeline_projects_endpoint_exists" time="0.056" /><testcase classname="backend.tests.test_ux_fixes.TestPipelineProjectsEndpoints" name="test_by_outreach_status_accepts_project_filter" time="0.126" /><testcase classname="backend.tests.test_ux_fixes.TestOutreachStatusWithProject" name="test_outreach_status_accepts_project_name" time="0.125" /><testcase classname="backend.tests.test_ux_fixes.TestOutreachStatusWithProject" name="test_project_name_update_endpoint" time="0.056" /><testcase classname="backend.tests.test_ux_fixes.TestOutreachStatusWithProject" name="test_project_name_clear" time="0.068" /><testcase classname="backend.tests.test_ux_fixes.TestValidation" name="test_project_name_update_404_for_nonexistent" time="0.056" /><testcase classname="backend.tests.test_ux_fixes.TestValidation" name="test_autosave_requires_auth" time="0.172" /><testcase classname="backend.tests.test_ux_fixes.TestValidation" name="test_pipeline_projects_requires_auth" time="0.131" /><testcase classname="backend.tests.test_ux_fixes.TestIntegration" name="test_autosave_upsert_behavior" time="0.209" /></testsuite></testsuites>