<?xml version="1.0" encoding="utf-8"?><testsuites name="pytest tests"><testsuite name="pytest" errors="0" failures="0" skipped="0" tests="8" time="10.358" timestamp="2026-04-17T15:45:25.822032+00:00" hostname="agent-env-ecb6b345-9952-4d70-8d5c-38fd7f934c24"><testcase classname="backend.tests.test_ai_draft.TestAIDraftFeature" name="test_ai_draft_requires_authentication" time="0.201" /><testcase classname="backend.tests.test_ai_draft.TestAIDraftFeature" name="test_ai_draft_forbidden_for_free_user" time="0.437" /><testcase classname="backend.tests.test_ai_draft.TestAIDraftFeature" name="test_ai_draft_returns_404_for_nonexistent_channel" time="0.473" /><testcase classname="backend.tests.test_ai_draft.TestAIDraftFeature" name="test_ai_draft_success_for_admin" time="5.192" /><testcase classname="backend.tests.test_ai_draft.TestAIDraftFeature" name="test_ai_draft_response_structure" time="3.039" /><testcase classname="backend.tests.test_ai_draft.TestAIDraftFeature" name="test_ai_draft_with_invalid_token" time="0.155" /><testcase classname="backend.tests.test_ai_draft.TestAIDraftUserRoleCheck" name="test_admin_user_has_admin_role" time="0.398" /><testcase classname="backend.tests.test_ai_draft.TestAIDraftUserRoleCheck" name="test_free_user_has_user_role" time="0.351" /></testsuite></testsuites>