<?xml version="1.0" encoding="utf-8"?><testsuites name="pytest tests"><testsuite name="pytest" errors="0" failures="0" skipped="0" tests="11" time="5.505" timestamp="2026-04-03T11:01:14.299092+00:00" hostname="agent-env-ca6bede4-502c-40a9-9e85-d5a3243e7e0d"><testcase classname="backend.tests.test_three_tier_pricing.TestTierConfig" name="test_api_health" time="0.138" /><testcase classname="backend.tests.test_three_tier_pricing.TestUserUsageEndpoint" name="test_admin_usage_returns_tier_info" time="0.449" /><testcase classname="backend.tests.test_three_tier_pricing.TestUserUsageEndpoint" name="test_free_user_usage_returns_correct_limits" time="0.441" /><testcase classname="backend.tests.test_three_tier_pricing.TestPipelineAccessGating" name="test_pipeline_access_blocked_for_free_tier" time="0.453" /><testcase classname="backend.tests.test_three_tier_pricing.TestCSVExportGating" name="test_csv_export_blocked_for_free_tier" time="0.461" /><testcase classname="backend.tests.test_three_tier_pricing.TestAdminOverview" name="test_admin_overview_includes_starter_count" time="0.439" /><testcase classname="backend.tests.test_three_tier_pricing.TestAdminTierValidation" name="test_admin_update_tier_accepts_starter" time="0.662" /><testcase classname="backend.tests.test_three_tier_pricing.TestAdminTierValidation" name="test_admin_update_tier_rejects_invalid" time="0.486" /><testcase classname="backend.tests.test_three_tier_pricing.TestCheckoutSession" name="test_checkout_starter_monthly_plan" time="0.852" /><testcase classname="backend.tests.test_three_tier_pricing.TestCheckoutSession" name="test_checkout_pro_monthly_plan" time="0.597" /><testcase classname="backend.tests.test_three_tier_pricing.TestCheckoutSession" name="test_checkout_invalid_plan_rejected" time="0.457" /></testsuite></testsuites>