<?xml version="1.0" encoding="utf-8"?><testsuites name="pytest tests"><testsuite name="pytest" errors="0" failures="0" skipped="0" tests="11" time="11.611" timestamp="2026-04-19T13:52:56.366731+00:00" hostname="agent-env-ecb6b345-9952-4d70-8d5c-38fd7f934c24"><testcase classname="backend.tests.test_credit_aware_ai_draft.TestUserUsageEndpoint" name="test_admin_usage_includes_draft_credits" time="0.586" /><testcase classname="backend.tests.test_credit_aware_ai_draft.TestUserUsageEndpoint" name="test_admin_usage_includes_has_outreach_config" time="0.526" /><testcase classname="backend.tests.test_credit_aware_ai_draft.TestUserUsageEndpoint" name="test_free_user_usage_includes_draft_credits" time="0.510" /><testcase classname="backend.tests.test_credit_aware_ai_draft.TestOutreachConfigEndpoints" name="test_get_outreach_config_admin" time="0.484" /><testcase classname="backend.tests.test_credit_aware_ai_draft.TestOutreachConfigEndpoints" name="test_put_outreach_config_admin" time="0.596" /><testcase classname="backend.tests.test_credit_aware_ai_draft.TestOutreachConfigEndpoints" name="test_put_outreach_config_free_user_forbidden" time="0.467" /><testcase classname="backend.tests.test_credit_aware_ai_draft.TestAIDraftEndpoint" name="test_ai_draft_free_user_forbidden" time="0.455" /><testcase classname="backend.tests.test_credit_aware_ai_draft.TestAIDraftEndpoint" name="test_ai_draft_admin_works_without_credits" time="5.291" /><testcase classname="backend.tests.test_credit_aware_ai_draft.TestCreditsCheckoutEndpoint" name="test_checkout_credits_free_user_forbidden" time="0.472" /><testcase classname="backend.tests.test_credit_aware_ai_draft.TestCreditsCheckoutEndpoint" name="test_checkout_credits_admin_returns_url" time="1.718" /><testcase classname="backend.tests.test_credit_aware_ai_draft.TestDraftCreditsEndpoint" name="test_get_draft_credits" time="0.442" /></testsuite></testsuites>