<?xml version="1.0" encoding="utf-8"?><testsuites name="pytest tests"><testsuite name="pytest" errors="0" failures="0" skipped="0" tests="9" time="2.166" timestamp="2026-04-03T12:10:35.143796+00:00" hostname="agent-env-e0b7db41-f273-494e-aa2d-a4aa3d0f6cb2"><testcase classname="backend.tests.test_tier_restrictions.TestTierRestrictions" name="test_free_user_login_returns_free_tier" time="0.610" /><testcase classname="backend.tests.test_tier_restrictions.TestTierRestrictions" name="test_pro_user_login_returns_pro_tier" time="0.424" /><testcase classname="backend.tests.test_tier_restrictions.TestTierRestrictions" name="test_export_csv_returns_403_for_free_user" time="0.120" /><testcase classname="backend.tests.test_tier_restrictions.TestTierRestrictions" name="test_search_history_post_returns_403_for_free_user" time="0.097" /><testcase classname="backend.tests.test_tier_restrictions.TestTierRestrictions" name="test_search_reports_post_returns_403_for_free_user" time="0.098" /><testcase classname="backend.tests.test_tier_restrictions.TestTierRestrictions" name="test_export_csv_accessible_for_pro_user" time="0.144" /><testcase classname="backend.tests.test_tier_restrictions.TestTierRestrictions" name="test_search_history_post_accessible_for_pro_user" time="0.179" /><testcase classname="backend.tests.test_tier_restrictions.TestTierRestrictions" name="test_search_reports_post_accessible_for_pro_user" time="0.137" /><testcase classname="backend.tests.test_tier_restrictions.TestTierRestrictions" name="test_user_usage_returns_correct_tier_info" time="0.183" /></testsuite></testsuites>