<?xml version="1.0" encoding="utf-8"?><testsuites name="pytest tests"><testsuite name="pytest" errors="0" failures="0" skipped="0" tests="18" time="8.643" timestamp="2026-03-15T10:59:41.474233+00:00" hostname="agent-env-e9640135-8b80-42e2-86cd-0c4935b8da67"><testcase classname="backend.tests.test_stripe_checkout.TestLoginReturnsHasPaid" name="test_login_returns_has_paid_field" time="0.482" /><testcase classname="backend.tests.test_stripe_checkout.TestLoginReturnsHasPaid" name="test_register_returns_has_paid_false" time="0.337" /><testcase classname="backend.tests.test_stripe_checkout.TestAuthMeReturnsHasPaid" name="test_auth_me_returns_has_paid" time="0.432" /><testcase classname="backend.tests.test_stripe_checkout.TestCreateCheckoutSession" name="test_create_session_requires_auth" time="0.103" /><testcase classname="backend.tests.test_stripe_checkout.TestCreateCheckoutSession" name="test_create_session_success" time="1.108" /><testcase classname="backend.tests.test_stripe_checkout.TestCreateCheckoutSession" name="test_create_session_with_origin_url" time="0.914" /><testcase classname="backend.tests.test_stripe_checkout.TestCheckoutStatus" name="test_status_requires_auth" time="0.132" /><testcase classname="backend.tests.test_stripe_checkout.TestCheckoutStatus" name="test_status_session_not_found" time="0.439" /><testcase classname="backend.tests.test_stripe_checkout.TestCheckoutStatus" name="test_status_session_belongs_to_user" time="1.326" /><testcase classname="backend.tests.test_stripe_checkout.TestCheckoutStatus" name="test_status_returns_correct_structure" time="1.164" /><testcase classname="backend.tests.test_stripe_checkout.TestStripeWebhook" name="test_webhook_endpoint_exists" time="0.107" /><testcase classname="backend.tests.test_stripe_checkout.TestPaymentTransactionsCollection" name="test_transaction_created_on_checkout" time="1.157" /><testcase classname="backend.tests.test_stripe_checkout.TestExistingPages" name="test_api_root" time="0.095" /><testcase classname="backend.tests.test_stripe_checkout.TestExistingPages" name="test_auth_login" time="0.322" /><testcase classname="backend.tests.test_stripe_checkout.TestExistingPages" name="test_quota_usage" time="0.110" /><testcase classname="backend.tests.test_stripe_checkout.TestExistingPages" name="test_shortlist" time="0.106" /><testcase classname="backend.tests.test_stripe_checkout.TestExistingPages" name="test_search_history" time="0.117" /><testcase classname="backend.tests.test_stripe_checkout.TestExistingPages" name="test_search_reports" time="0.119" /></testsuite></testsuites>