<?xml version="1.0" encoding="utf-8"?><testsuites name="pytest tests"><testsuite name="pytest" errors="0" failures="0" skipped="0" tests="12" time="4.065" timestamp="2026-03-15T11:46:07.848566+00:00" hostname="agent-env-e9640135-8b80-42e2-86cd-0c4935b8da67"><testcase classname="backend.tests.test_password_reset.TestPasswordResetRequest" name="test_request_reset_valid_email" time="0.980" /><testcase classname="backend.tests.test_password_reset.TestPasswordResetRequest" name="test_request_reset_non_existent_email" time="0.139" /><testcase classname="backend.tests.test_password_reset.TestPasswordResetRequest" name="test_request_reset_invalid_email_format" time="0.118" /><testcase classname="backend.tests.test_password_reset.TestPasswordReset" name="test_reset_invalid_code" time="0.102" /><testcase classname="backend.tests.test_password_reset.TestPasswordReset" name="test_reset_short_password" time="0.104" /><testcase classname="backend.tests.test_password_reset.TestPasswordReset" name="test_reset_empty_token" time="0.106" /><testcase classname="backend.tests.test_password_reset.TestPasswordResetIntegration" name="test_request_reset_stores_code_in_db" time="1.037" /><testcase classname="backend.tests.test_password_reset.TestPasswordResetIntegration" name="test_login_after_password_reset" time="0.352" /><testcase classname="backend.tests.test_password_reset.TestResetPasswordValidation" name="test_reset_success_response_structure" time="0.105" /><testcase classname="backend.tests.test_caching.TestEnrichmentCaching" name="test_enrich_response_has_cached_field" time="0.430" /><testcase classname="backend.tests.test_caching.TestEnrichmentCaching" name="test_enrich_response_structure" time="0.431" /><testcase classname="backend.tests.test_caching.TestEnrichmentCaching" name="test_enrich_requires_auth" time="0.104" /></testsuite></testsuites>