<?xml version="1.0" encoding="utf-8"?><testsuites name="pytest tests"><testsuite name="pytest" errors="0" failures="0" skipped="0" tests="9" time="2.475" timestamp="2026-05-16T16:36:53.783841+00:00" hostname="agent-env-ecb6b345-9952-4d70-8d5c-38fd7f934c24"><testcase classname="backend.tests.test_super_search.TestSuperSearchBackend" name="test_admin_login_returns_admin_role" time="0.764" /><testcase classname="backend.tests.test_super_search.TestSuperSearchBackend" name="test_free_user_login_returns_user_role" time="0.426" /><testcase classname="backend.tests.test_super_search.TestCompetitorBrandsEndpoints" name="test_get_competitor_brands_admin_success" time="0.148" /><testcase classname="backend.tests.test_super_search.TestCompetitorBrandsEndpoints" name="test_put_competitor_brands_admin_success" time="0.246" /><testcase classname="backend.tests.test_super_search.TestCompetitorBrandsEndpoints" name="test_get_competitor_brands_free_user_forbidden" time="0.132" /><testcase classname="backend.tests.test_super_search.TestCompetitorBrandsEndpoints" name="test_put_competitor_brands_free_user_forbidden" time="0.132" /><testcase classname="backend.tests.test_super_search.TestSuperSearchEnrichment" name="test_enrich_with_super_search_free_user_forbidden" time="0.242" /><testcase classname="backend.tests.test_super_search.TestSuperSearchEnrichment" name="test_enrich_without_super_search_free_user_allowed" time="0.141" /><testcase classname="backend.tests.test_super_search.TestSuperSearchEnrichment" name="test_enrich_request_accepts_super_search_fields" time="0.141" /></testsuite></testsuites>