<?xml version="1.0" encoding="utf-8"?><testsuites name="pytest tests"><testsuite name="pytest" errors="0" failures="0" skipped="0" tests="15" time="5.555" timestamp="2026-04-02T13:39:07.253924+00:00" hostname="agent-env-ca6bede4-502c-40a9-9e85-d5a3243e7e0d"><testcase classname="backend.tests.test_outreach_pipeline.TestOutreachPipelineAPIs" name="test_get_outreach_statuses" time="0.460" /><testcase classname="backend.tests.test_outreach_pipeline.TestOutreachPipelineAPIs" name="test_get_channels_by_outreach_status_empty" time="0.396" /><testcase classname="backend.tests.test_outreach_pipeline.TestOutreachPipelineAPIs" name="test_get_channels_by_outreach_status_with_filter" time="0.408" /><testcase classname="backend.tests.test_outreach_pipeline.TestOutreachPipelineAPIs" name="test_get_channels_by_outreach_status_invalid_filter" time="0.385" /><testcase classname="backend.tests.test_outreach_pipeline.TestOutreachPipelineAPIs" name="test_get_follow_ups_due" time="0.425" /><testcase classname="backend.tests.test_outreach_pipeline.TestOutreachPipelineAPIs" name="test_update_outreach_status_channel_not_found" time="0.374" /><testcase classname="backend.tests.test_outreach_pipeline.TestOutreachPipelineAPIs" name="test_update_outreach_status_invalid_status" time="0.398" /><testcase classname="backend.tests.test_outreach_pipeline.TestOutreachPipelineAPIs" name="test_update_follow_up_date_channel_not_found" time="0.450" /><testcase classname="backend.tests.test_outreach_pipeline.TestOutreachWithTestChannel" name="test_outreach_workflow_requires_channel" time="0.383" /><testcase classname="backend.tests.test_outreach_pipeline.TestOutreachStatusValidation" name="test_all_valid_statuses_accepted" time="0.735" /><testcase classname="backend.tests.test_outreach_pipeline.TestOutreachStatusValidation" name="test_invalid_statuses_rejected" time="0.620" /><testcase classname="backend.tests.test_outreach_pipeline.TestAuthenticationRequired" name="test_outreach_status_requires_auth" time="0.124" /><testcase classname="backend.tests.test_outreach_pipeline.TestAuthenticationRequired" name="test_follow_up_date_requires_auth" time="0.113" /><testcase classname="backend.tests.test_outreach_pipeline.TestAuthenticationRequired" name="test_follow_ups_due_requires_auth" time="0.111" /><testcase classname="backend.tests.test_outreach_pipeline.TestAuthenticationRequired" name="test_channels_by_status_requires_auth" time="0.110" /></testsuite></testsuites>