<?xml version="1.0" encoding="utf-8"?><testsuites name="pytest tests"><testsuite name="pytest" errors="0" failures="0" skipped="0" tests="8" time="3.745" timestamp="2026-04-12T20:58:53.376821+00:00" hostname="agent-env-e0b7db41-f273-494e-aa2d-a4aa3d0f6cb2"><testcase classname="backend.tests.test_sponsorship.TestSponsorshipEndpointAuth" name="test_sponsorship_endpoint_requires_auth" time="0.190" /><testcase classname="backend.tests.test_sponsorship.TestSponsorshipEndpointAuth" name="test_sponsorship_endpoint_with_invalid_token" time="0.154" /><testcase classname="backend.tests.test_sponsorship.TestSponsorshipDataStructure" name="test_sponsorship_data_returns_correct_structure" time="0.711" /><testcase classname="backend.tests.test_sponsorship.TestSponsorshipDataStructure" name="test_videos_with_sponsorships_structure" time="0.285" /><testcase classname="backend.tests.test_sponsorship.TestSponsorshipCaching" name="test_second_call_returns_cached_data" time="0.707" /><testcase classname="backend.tests.test_sponsorship.TestSponsorshipForDifferentUsers" name="test_pro_user_can_access_sponsorship_data" time="0.276" /><testcase classname="backend.tests.test_sponsorship.TestSponsorshipForDifferentUsers" name="test_free_user_can_access_sponsorship_data" time="1.021" /><testcase classname="backend.tests.test_sponsorship.TestSponsorshipDetectionQuality" name="test_mkbhd_has_affiliate_links" time="0.307" /></testsuite></testsuites>