<?xml version="1.0" encoding="utf-8"?><testsuites name="pytest tests"><testsuite name="pytest" errors="0" failures="0" skipped="0" tests="12" time="5.916" timestamp="2026-04-17T12:08:52.267749+00:00" hostname="agent-env-ecb6b345-9952-4d70-8d5c-38fd7f934c24"><testcase classname="tests.test_pipeline_info_button.TestPipelineInfoButton" name="test_outreach_status_endpoint_requires_auth" time="0.214" /><testcase classname="tests.test_pipeline_info_button.TestPipelineInfoButton" name="test_outreach_status_free_user_denied" time="0.463" /><testcase classname="tests.test_pipeline_info_button.TestPipelineInfoButton" name="test_outreach_status_invalid_status" time="0.638" /><testcase classname="tests.test_pipeline_info_button.TestPipelineInfoButton" name="test_outreach_status_update_success" time="0.380" /><testcase classname="tests.test_pipeline_info_button.TestPipelineInfoButton" name="test_sponsorship_data_endpoint_requires_auth" time="0.108" /><testcase classname="tests.test_pipeline_info_button.TestPipelineInfoButton" name="test_sponsorship_data_endpoint_returns_data" time="0.218" /><testcase classname="tests.test_pipeline_info_button.TestPipelineInfoButton" name="test_follow_up_date_update" time="0.391" /><testcase classname="tests.test_pipeline_info_button.TestPipelineInfoButton" name="test_channel_notes_update" time="0.321" /><testcase classname="tests.test_pipeline_info_button.TestPipelineInfoButton" name="test_pipeline_channels_list" time="0.112" /><testcase classname="tests.test_pipeline_info_button.TestPipelineInfoButton" name="test_pipeline_filter_by_status" time="0.115" /><testcase classname="tests.test_pipeline_info_button.TestBackgroundSponsorshipCache" name="test_background_task_parameter_accepted" time="0.602" /><testcase classname="tests.test_pipeline_info_button.TestBackgroundSponsorshipCache" name="test_sponsorship_data_cached_after_pipeline_entry" time="2.247" /></testsuite></testsuites>