<?xml version="1.0" encoding="utf-8"?><testsuites name="pytest tests"><testsuite name="pytest" errors="0" failures="0" skipped="0" tests="8" time="5.353" timestamp="2026-04-03T11:45:33.342896+00:00" hostname="agent-env-ca6bede4-502c-40a9-9e85-d5a3243e7e0d"><testcase classname="backend.tests.test_stripe_integration.TestStripeCheckout" name="test_checkout_starter_monthly_returns_valid_stripe_url" time="1.348" /><testcase classname="backend.tests.test_stripe_integration.TestStripeCheckout" name="test_checkout_starter_annual_returns_valid_stripe_url" time="0.845" /><testcase classname="backend.tests.test_stripe_integration.TestStripeCheckout" name="test_checkout_pro_monthly_returns_valid_stripe_url" time="0.866" /><testcase classname="backend.tests.test_stripe_integration.TestStripeCheckout" name="test_checkout_pro_annual_returns_valid_stripe_url" time="0.885" /><testcase classname="backend.tests.test_stripe_integration.TestStripeCheckout" name="test_checkout_invalid_plan_returns_400" time="0.385" /><testcase classname="backend.tests.test_stripe_integration.TestStripeCheckout" name="test_pro_user_checkout_blocked" time="0.370" /><testcase classname="backend.tests.test_stripe_integration.TestStripeWebhook" name="test_webhook_endpoint_exists_and_rejects_invalid_signature" time="0.136" /><testcase classname="backend.tests.test_stripe_integration.TestBillingPortal" name="test_billing_portal_returns_400_for_free_user" time="0.460" /></testsuite></testsuites>