<?xml version="1.0" encoding="utf-8"?><testsuites name="pytest tests"><testsuite name="pytest" errors="0" failures="0" skipped="0" tests="9" time="18.112" timestamp="2026-06-26T11:53:49.567465+00:00" hostname="agent-env-27ef6e5d-05b0-4cb5-80a6-bce2fe71f97e"><testcase classname="backend.tests.test_tier_c_worker_isolation" name="test_worker_isolation_under_enrich_load" time="4.109" /><testcase classname="backend.tests.test_tier_c_worker_isolation" name="test_worker_isolation_under_ingest_load" time="3.002" /><testcase classname="backend.tests.test_tier_c_worker_isolation" name="test_job_lifecycle_and_cancel_stuck" time="4.214" /><testcase classname="backend.tests.test_tier_c_worker_isolation" name="test_503_guard_with_worker_dispatch" time="1.011" /><testcase classname="backend.tests.test_tier_c_worker_isolation" name="test_login_latency_idle" time="0.439" /><testcase classname="backend.tests.test_tier_c_worker_isolation" name="test_login_latency_during_enrich" time="4.153" /><testcase classname="backend.tests.test_tier_c_worker_isolation" name="test_outreach_patches_regression" time="0.674" /><testcase classname="backend.tests.test_tier_c_worker_isolation" name="test_products_filter_combo" time="0.213" /><testcase classname="backend.tests.test_tier_c_worker_isolation" name="test_topic_counts" time="0.219" /></testsuite></testsuites>