<?xml version="1.0" encoding="utf-8"?><testsuites name="pytest tests"><testsuite name="pytest" errors="0" failures="0" skipped="0" tests="14" time="5.391" timestamp="2026-06-26T10:29:53.874293+00:00" hostname="agent-env-27ef6e5d-05b0-4cb5-80a6-bce2fe71f97e"><testcase classname="backend.tests.test_tier_b_perf_fixes.TestAuthBcryptOffLoop" name="test_register_and_login_new_user_fast" time="0.919" /><testcase classname="backend.tests.test_tier_b_perf_fixes.TestAuthBcryptOffLoop" name="test_admin_login_and_me" time="0.450" /><testcase classname="backend.tests.test_tier_b_perf_fixes.TestAuthBcryptOffLoop" name="test_admin_login_wrong_password_returns_401" time="0.318" /><testcase classname="backend.tests.test_tier_b_perf_fixes.TestAuthBcryptOffLoop" name="test_request_password_reset_does_not_crash" time="1.241" /><testcase classname="backend.tests.test_tier_b_perf_fixes.TestYouTubeOffLoop" name="test_channels_search_returns_non_500" time="0.501" /><testcase classname="backend.tests.test_tier_b_perf_fixes.TestYouTubeOffLoop" name="test_sponsorship_data_requires_auth" time="0.097" /><testcase classname="backend.tests.test_tier_b_perf_fixes.TestYouTubeOffLoop" name="test_sponsorship_data_unknown_channel" time="0.177" /><testcase classname="backend.tests.test_tier_b_perf_fixes.TestSaaSRadar503Guard" name="test_enrich_503_when_already_running" time="0.399" /><testcase classname="backend.tests.test_tier_b_perf_fixes.TestSaaSRadar503Guard" name="test_ingest_503_when_already_running" time="0.420" /><testcase classname="backend.tests.test_tier_b_perf_fixes.TestOutreachTracking" name="test_set_outreach_status" time="0.224" /><testcase classname="backend.tests.test_tier_b_perf_fixes.TestOutreachTracking" name="test_set_follow_up_date" time="0.101" /><testcase classname="backend.tests.test_tier_b_perf_fixes.TestOutreachTracking" name="test_set_notes_and_persist" time="0.250" /><testcase classname="backend.tests.test_tier_b_perf_fixes.TestTopicCountsAndFilters" name="test_topic_counts" time="0.115" /><testcase classname="backend.tests.test_tier_b_perf_fixes.TestTopicCountsAndFilters" name="test_products_filter_combo" time="0.105" /></testsuite></testsuites>