<?xml version="1.0" encoding="utf-8"?><testsuites name="pytest tests"><testsuite name="pytest" errors="0" failures="0" skipped="0" tests="7" time="26.618" timestamp="2026-06-26T12:27:37.387985+00:00" hostname="agent-env-27ef6e5d-05b0-4cb5-80a6-bce2fe71f97e"><testcase classname="tests.test_tier_c_plus_pool_stability" name="test_long_lived_worker_no_respawn_across_10_submissions" time="20.560" /><testcase classname="tests.test_tier_c_plus_pool_stability" name="test_worker_isolation_under_enrich_50" time="3.492" /><testcase classname="tests.test_tier_c_plus_pool_stability" name="test_503_guard_holds" time="1.005" /><testcase classname="tests.test_tier_c_plus_pool_stability" name="test_outreach_patches_regression" time="0.645" /><testcase classname="tests.test_tier_c_plus_pool_stability" name="test_products_filter_combo" time="0.216" /><testcase classname="tests.test_tier_c_plus_pool_stability" name="test_topic_counts" time="0.209" /><testcase classname="tests.test_tier_c_plus_pool_stability" name="test_login_latency_idle" time="0.420" /></testsuite></testsuites>